# JRE version: Java(TM) SE Runtime Environment (8.0_161-b12) (build 1.8.0_161-b12)
# Java VM: Java HotSpot(TM) 64-Bit Server VM (25.161-b12 mixed mode windows-amd64 compressed oops)
Heap:
 PSYoungGen      total 145920K, used 122162K [0x00000000d6b00000, 0x00000000e5c00000, 0x0000000100000000)
  eden space 125440K, 81% used [0x00000000d6b00000,0x00000000dce515d8,0x00000000de580000)
  from space 20480K, 99% used [0x00000000e0000000,0x00000000e13fb488,0x00000000e1400000)
  to   space 27136K, 0% used [0x00000000de580000,0x00000000de580000,0x00000000e0000000)
 ParOldGen       total 67584K, used 34345K [0x0000000084000000, 0x0000000088200000, 0x00000000d6b00000)
  object space 67584K, 50% used [0x0000000084000000,0x000000008618a530,0x0000000088200000)
 Metaspace       used 28230K, capacity 28898K, committed 28928K, reserved 1075200K
  class space    used 3371K, capacity 3582K, committed 3584K, reserved 1048576K
GC Heap History (10 events):
Event: 4.169 GC heap before
{Heap before GC invocations=5 (full 0):
 PSYoungGen      total 68608K, used 61856K [0x00000000d6b00000, 0x00000000db300000, 0x0000000100000000)
  eden space 63488K, 89% used [0x00000000d6b00000,0x00000000da26e118,0x00000000da900000)
  from space 5120K, 99% used [0x00000000dae00000,0x00000000db2fa020,0x00000000db300000)
  to   space 5120K, 0% used [0x00000000da900000,0x00000000da900000,0x00000000dae00000)
 ParOldGen       total 84992K, used 7204K [0x0000000084000000, 0x0000000089300000, 0x00000000d6b00000)
  object space 84992K, 8% used [0x0000000084000000,0x0000000084709228,0x0000000089300000)
 Metaspace       used 20686K, capacity 21134K, committed 21296K, reserved 1069056K
  class space    used 2511K, capacity 2677K, committed 2688K, reserved 1048576K
Event: 4.193 GC heap after
Heap after GC invocations=5 (full 0):
 PSYoungGen      total 68608K, used 5088K [0x00000000d6b00000, 0x00000000dfc00000, 0x0000000100000000)
  eden space 63488K, 0% used [0x00000000d6b00000,0x00000000d6b00000,0x00000000da900000)
  from space 5120K, 99% used [0x00000000da900000,0x00000000dadf8020,0x00000000dae00000)
  to   space 10752K, 0% used [0x00000000df180000,0x00000000df180000,0x00000000dfc00000)
 ParOldGen       total 84992K, used 12290K [0x0000000084000000, 0x0000000089300000, 0x00000000d6b00000)
  object space 84992K, 14% used [0x0000000084000000,0x0000000084c00988,0x0000000089300000)
 Metaspace       used 20686K, capacity 21134K, committed 21296K, reserved 1069056K
  class space    used 2511K, capacity 2677K, committed 2688K, reserved 1048576K
}
Event: 4.193 GC heap before
{Heap before GC invocations=6 (full 1):
 PSYoungGen      total 68608K, used 5088K [0x00000000d6b00000, 0x00000000dfc00000, 0x0000000100000000)
  eden space 63488K, 0% used [0x00000000d6b00000,0x00000000d6b00000,0x00000000da900000)
  from space 5120K, 99% used [0x00000000da900000,0x00000000dadf8020,0x00000000dae00000)
  to   space 10752K, 0% used [0x00000000df180000,0x00000000df180000,0x00000000dfc00000)
 ParOldGen       total 84992K, used 12290K [0x0000000084000000, 0x0000000089300000, 0x00000000d6b00000)
  object space 84992K, 14% used [0x0000000084000000,0x0000000084c00988,0x0000000089300000)
 Metaspace       used 20686K, capacity 21134K, committed 21296K, reserved 1069056K
  class space    used 2511K, capacity 2677K, committed 2688K, reserved 1048576K
Event: 4.278 GC heap after
Heap after GC invocations=6 (full 1):
 PSYoungGen      total 68608K, used 0K [0x00000000d6b00000, 0x00000000dfc00000, 0x0000000100000000)
  eden space 63488K, 0% used [0x00000000d6b00000,0x00000000d6b00000,0x00000000da900000)
  from space 5120K, 0% used [0x00000000da900000,0x00000000da900000,0x00000000dae00000)
  to   space 10752K, 0% used [0x00000000df180000,0x00000000df180000,0x00000000dfc00000)
 ParOldGen       total 67584K, used 12204K [0x0000000084000000, 0x0000000088200000, 0x00000000d6b00000)
  object space 67584K, 18% used [0x0000000084000000,0x0000000084beb300,0x0000000088200000)
 Metaspace       used 20686K, capacity 21134K, committed 21296K, reserved 1069056K
  class space    used 2511K, capacity 2677K, committed 2688K, reserved 1048576K
}
Event: 6.370 GC heap before
{Heap before GC invocations=7 (full 1):
 PSYoungGen      total 68608K, used 63488K [0x00000000d6b00000, 0x00000000dfc00000, 0x0000000100000000)
  eden space 63488K, 100% used [0x00000000d6b00000,0x00000000da900000,0x00000000da900000)
  from space 5120K, 0% used [0x00000000da900000,0x00000000da900000,0x00000000dae00000)
  to   space 10752K, 0% used [0x00000000df180000,0x00000000df180000,0x00000000dfc00000)
 ParOldGen       total 67584K, used 12204K [0x0000000084000000, 0x0000000088200000, 0x00000000d6b00000)
  object space 67584K, 18% used [0x0000000084000000,0x0000000084beb300,0x0000000088200000)
 Metaspace       used 23808K, capacity 24414K, committed 24576K, reserved 1071104K
  class space    used 2879K, capacity 3047K, committed 3072K, reserved 1048576K
Event: 6.389 GC heap after
Heap after GC invocations=7 (full 1):
 PSYoungGen      total 101376K, used 10737K [0x00000000d6b00000, 0x00000000dfc00000, 0x0000000100000000)
  eden space 90624K, 0% used [0x00000000d6b00000,0x00000000d6b00000,0x00000000dc380000)
  from space 10752K, 99% used [0x00000000df180000,0x00000000dfbfc6f8,0x00000000dfc00000)
  to   space 12288K, 0% used [0x00000000de400000,0x00000000de400000,0x00000000df000000)
 ParOldGen       total 67584K, used 12907K [0x0000000084000000, 0x0000000088200000, 0x00000000d6b00000)
  object space 67584K, 19% used [0x0000000084000000,0x0000000084c9ae28,0x0000000088200000)
 Metaspace       used 23808K, capacity 24414K, committed 24576K, reserved 1071104K
  class space    used 2879K, capacity 3047K, committed 3072K, reserved 1048576K
}
Event: 7.482 GC heap before
{Heap before GC invocations=8 (full 1):
 PSYoungGen      total 101376K, used 101361K [0x00000000d6b00000, 0x00000000dfc00000, 0x0000000100000000)
  eden space 90624K, 100% used [0x00000000d6b00000,0x00000000dc380000,0x00000000dc380000)
  from space 10752K, 99% used [0x00000000df180000,0x00000000dfbfc6f8,0x00000000dfc00000)
  to   space 12288K, 0% used [0x00000000de400000,0x00000000de400000,0x00000000df000000)
 ParOldGen       total 67584K, used 12907K [0x0000000084000000, 0x0000000088200000, 0x00000000d6b00000)
  object space 67584K, 19% used [0x0000000084000000,0x0000000084c9ae28,0x0000000088200000)
 Metaspace       used 28198K, capacity 28802K, committed 28928K, reserved 1075200K
  class space    used 3368K, capacity 3550K, committed 3584K, reserved 1048576K
Event: 7.509 GC heap after
Heap after GC invocations=8 (full 1):
 PSYoungGen      total 136192K, used 12256K [0x00000000d6b00000, 0x00000000e1400000, 0x0000000100000000)
  eden space 123904K, 0% used [0x00000000d6b00000,0x00000000d6b00000,0x00000000de400000)
  from space 12288K, 99% used [0x00000000de400000,0x00000000deff82f0,0x00000000df000000)
  to   space 20480K, 0% used [0x00000000e0000000,0x00000000e0000000,0x00000000e1400000)
 ParOldGen       total 67584K, used 26126K [0x0000000084000000, 0x0000000088200000, 0x00000000d6b00000)
  object space 67584K, 38% used [0x0000000084000000,0x00000000859838b8,0x0000000088200000)
 Metaspace       used 28198K, capacity 28802K, committed 28928K, reserved 1075200K
  class space    used 3368K, capacity 3550K, committed 3584K, reserved 1048576K
}
Event: 8.016 GC heap before
{Heap before GC invocations=9 (full 1):
 PSYoungGen      total 136192K, used 136160K [0x00000000d6b00000, 0x00000000e1400000, 0x0000000100000000)
  eden space 123904K, 100% used [0x00000000d6b00000,0x00000000de400000,0x00000000de400000)
  from space 12288K, 99% used [0x00000000de400000,0x00000000deff82f0,0x00000000df000000)
  to   space 20480K, 0% used [0x00000000e0000000,0x00000000e0000000,0x00000000e1400000)
 ParOldGen       total 67584K, used 26126K [0x0000000084000000, 0x0000000088200000, 0x00000000d6b00000)
  object space 67584K, 38% used [0x0000000084000000,0x00000000859838b8,0x0000000088200000)
 Metaspace       used 28224K, capacity 28802K, committed 28928K, reserved 1075200K
  class space    used 3370K, capacity 3550K, committed 3584K, reserved 1048576K
Event: 8.043 GC heap after
Heap after GC invocations=9 (full 1):
 PSYoungGen      total 145920K, used 20461K [0x00000000d6b00000, 0x00000000e5c00000, 0x0000000100000000)
  eden space 125440K, 0% used [0x00000000d6b00000,0x00000000d6b00000,0x00000000de580000)
  from space 20480K, 99% used [0x00000000e0000000,0x00000000e13fb488,0x00000000e1400000)
  to   space 27136K, 0% used [0x00000000de580000,0x00000000de580000,0x00000000e0000000)
 ParOldGen       total 67584K, used 34345K [0x0000000084000000, 0x0000000088200000, 0x00000000d6b00000)
  object space 67584K, 50% used [0x0000000084000000,0x000000008618a530,0x0000000088200000)
 Metaspace       used 28224K, capacity 28802K, committed 28928K, reserved 1075200K
  class space    used 3370K, capacity 3550K, committed 3584K, reserved 1048576K
}

